<?xml version="1.0" encoding="UTF-8"?>
<testng-results ignored="0" total="1" passed="0" failed="1" skipped="0">
  <reporter-output>
  </reporter-output>
  <suite started-at="2023-01-15T18:00:05 IST" name="Default suite" finished-at="2023-01-15T18:01:52 IST" duration-ms="106887">
    <groups>
    </groups>
    <test started-at="2023-01-15T18:00:05 IST" name="Default test" finished-at="2023-01-15T18:01:52 IST" duration-ms="106887">
      <class name="TestDemo1.TestAddNewCostumer">
        <test-method is-config="true" signature="launchbrowser()[pri:0, instance:TestDemo1.TestAddNewCostumer@68999068]" started-at="2023-01-15T18:00:05 IST" name="launchbrowser" finished-at="2023-01-15T18:00:13 IST" duration-ms="7477" status="PASS">
          <reporter-output>
          </reporter-output>
        </test-method> <!-- launchbrowser -->
        <test-method is-config="true" signature="createobjects()[pri:0, instance:TestDemo1.TestAddNewCostumer@68999068]" started-at="2023-01-15T18:00:13 IST" name="createobjects" finished-at="2023-01-15T18:00:13 IST" duration-ms="53" status="PASS">
          <reporter-output>
          </reporter-output>
        </test-method> <!-- createobjects -->
        <test-method is-config="true" signature="login()[pri:0, instance:TestDemo1.TestAddNewCostumer@68999068]" started-at="2023-01-15T18:00:13 IST" name="login" finished-at="2023-01-15T18:00:47 IST" duration-ms="34757" status="PASS">
          <reporter-output>
          </reporter-output>
        </test-method> <!-- login -->
        <test-method signature="testAddNewCostumer()[pri:0, instance:TestDemo1.TestAddNewCostumer@68999068]" started-at="2023-01-15T18:00:47 IST" name="testAddNewCostumer" finished-at="2023-01-15T18:01:49 IST" duration-ms="61985" status="FAIL">
          <exception class="org.openqa.selenium.support.ui.UnexpectedTagNameException">
            <message>
              <![CDATA[Element should have been "select" but was "div"
Build info: version: '3.141.59', revision: 'e82be7d358', time: '2018-11-14T08:17:03'
System info: host: 'AMIT', ip: '192.168.43.27', os.name: 'Windows 11', os.arch: 'amd64', os.version: '10.0', java.version: '18'
Driver info: driver.version: unknown]]>
            </message>
            <full-stacktrace>
              <![CDATA[org.openqa.selenium.support.ui.UnexpectedTagNameException: Element should have been "select" but was "div"
Build info: version: '3.141.59', revision: 'e82be7d358', time: '2018-11-14T08:17:03'
System info: host: 'AMIT', ip: '192.168.43.27', os.name: 'Windows 11', os.arch: 'amd64', os.version: '10.0', java.version: '18'
Driver info: driver.version: unknown
at org.openqa.selenium.support.ui.Select.<init>(Select.java:48)
at POMDemo.AddNewCostumer.selectcostumerrole(AddNewCostumer.java:74)
at TestDemo1.TestAddNewCostumer.testAddNewCostumer(TestAddNewCostumer.java:56)
at java.base/jdk.internal.reflect.DirectMethodHandleAccessor.invoke(DirectMethodHandleAccessor.java:104)
at java.base/java.lang.reflect.Method.invoke(Method.java:577)
at org.testng.internal.MethodInvocationHelper.invokeMethod(MethodInvocationHelper.java:133)
at org.testng.internal.TestInvoker.invokeMethod(TestInvoker.java:598)
at org.testng.internal.TestInvoker.invokeTestMethod(TestInvoker.java:173)
at org.testng.internal.MethodRunner.runInSequence(MethodRunner.java:46)
at org.testng.internal.TestInvoker$MethodInvocationAgent.invoke(TestInvoker.java:824)
at org.testng.internal.TestInvoker.invokeTestMethods(TestInvoker.java:146)
at org.testng.internal.TestMethodWorker.invokeTestMethods(TestMethodWorker.java:146)
at org.testng.internal.TestMethodWorker.run(TestMethodWorker.java:128)
at java.base/java.util.ArrayList.forEach(ArrayList.java:1511)
at org.testng.TestRunner.privateRun(TestRunner.java:794)
at org.testng.TestRunner.run(TestRunner.java:596)
at org.testng.SuiteRunner.runTest(SuiteRunner.java:377)
at org.testng.SuiteRunner.runSequentially(SuiteRunner.java:371)
at org.testng.SuiteRunner.privateRun(SuiteRunner.java:332)
at org.testng.SuiteRunner.run(SuiteRunner.java:276)
at org.testng.SuiteRunnerWorker.runSuite(SuiteRunnerWorker.java:53)
at org.testng.SuiteRunnerWorker.run(SuiteRunnerWorker.java:96)
at org.testng.TestNG.runSuitesSequentially(TestNG.java:1212)
at org.testng.TestNG.runSuitesLocally(TestNG.java:1134)
at org.testng.TestNG.runSuites(TestNG.java:1063)
at org.testng.TestNG.run(TestNG.java:1031)
at org.testng.remote.AbstractRemoteTestNG.run(AbstractRemoteTestNG.java:115)
at org.testng.remote.RemoteTestNG.initAndRun(RemoteTestNG.java:251)
at org.testng.remote.RemoteTestNG.main(RemoteTestNG.java:77)
]]>
            </full-stacktrace>
          </exception> <!-- org.openqa.selenium.support.ui.UnexpectedTagNameException -->
          <reporter-output>
          </reporter-output>
        </test-method> <!-- testAddNewCostumer -->
        <test-method is-config="true" signature="logout(org.testng.ITestResult)[pri:0, instance:TestDemo1.TestAddNewCostumer@68999068]" started-at="2023-01-15T18:01:49 IST" name="logout" finished-at="2023-01-15T18:01:52 IST" duration-ms="2156" status="PASS">
          <params>
            <param index="0">
              <value>
                <![CDATA[[TestResult name=testAddNewCostumer status=FAILURE method=TestAddNewCostumer.testAddNewCostumer()[pri:0, instance:TestDemo1.TestAddNewCostumer@68999068] output={null}]]]>
              </value>
            </param>
          </params>
          <reporter-output>
          </reporter-output>
        </test-method> <!-- logout -->
        <test-method is-config="true" signature="clrearobjects()[pri:0, instance:TestDemo1.TestAddNewCostumer@68999068]" started-at="2023-01-15T18:01:52 IST" name="clrearobjects" finished-at="2023-01-15T18:01:52 IST" duration-ms="1" status="PASS">
          <reporter-output>
          </reporter-output>
        </test-method> <!-- clrearobjects -->
        <test-method is-config="true" signature="closebrowser()[pri:0, instance:TestDemo1.TestAddNewCostumer@68999068]" started-at="2023-01-15T18:01:52 IST" name="closebrowser" finished-at="2023-01-15T18:01:52 IST" duration-ms="365" status="PASS">
          <reporter-output>
          </reporter-output>
        </test-method> <!-- closebrowser -->
      </class> <!-- TestDemo1.TestAddNewCostumer -->
    </test> <!-- Default test -->
  </suite> <!-- Default suite -->
</testng-results>
